
  End time: 11:15.26 (21-02-2018)

  Calculation time:     0 min  0 s
1                    E. C. I. S. CODE FOR COUPLED CHANNELS CALCULATIONS ( 2006 ) WORKING FIELD LENGTH =  35000000

                        TO OBTAIN THE INPUT DESCRIPTION, PUNCH 'DESCRIPTION ' IN COLUMNS 1-12 OF THE FIRST CARD.


  1 F - ROTATIONAL MODEL-(.F.: VIBRATIONAL MODEL).         | 54 F - OUTPUT OF THE LENGTH USED IN THE WORKING FIELD.
  2 F - SECOND ORDER VIBRATIONAL MODEL-(.F.: FIRST ORDER)  | 55 F - OUTPUT OF C-MATRIX ELEMENTS AND COMPOUND NUCLEUS
        OR CONSTRAINED ASYMMETRIC ROTATIONAL MODEL.        |        INTERMEDIATE RESULTS.
  3 F - ANHARMONIC VIBRATIONAL MODEL-(.F.: HARMONIC) OR    | 56 T - OUTPUT OF S-MATRIX ELEMENTS.
        ASYMMETRIC ROTATIONAL MODEL-(.F.: SYMMETRIC).      | 57 F - OUTPUT OF PHASE-SHIFTS AT EACH E.C.I.S. ITERATION.
  4 F - PARAMETRISED SPIN-ORBIT DEFORMATION-(.F.:STANDARD) | 58 F - OUTPUT OF THE COEFFICIENTS OF EACH FORM FACTOR
  5 F - DIFFERENT DEFORMATION FOR EACH POTENTIAL(.F.: SAME)|        FOR ALL SETS OF EQUATIONS.
  6 F - USE OF DEFORMATION LENGTHS.                        | 59 T - TOTAL ELASTIC REACTION CROSS-SECTIONS WRITTEN ON
  7 F - NUCLEAR MATRIX ELEMENTS AND FORM FACTORS ON CARDS. |        FILE 58 AND TOTAL INELASTIC REACTION
  8 T - RELATIVISTIC KINEMATICS.                           |        CROSS-SECTIONS ON FILE 59.
  9 F - SYMMETRISED WOODS-SAXON FORM FOR NEGATIVE RADII.   | 60 T - S-MATRIX ELEMENTS WRITTEN ON FILE 60.
 10 F - DISPERSION RELATIONS FOR POTENTIALS.               |
                                                           | 61 F - REDUCED NUCLEAR MATRIX ELEMENTS WRITTEN ON FILE 61.
 11 T - DEFORMED COULOMB POTENTIAL.                        | 62 F - POTENTIALS WRITTEN ON FILE 62.
 12 T - DEFORMED IMAGINARY POTENTIAL.                      | 63 T - PENETRABILITIES WRITTEN ON FILE 63.
 13 F - DEFORMED REAL SPIN-ORBIT/TENSOR POTENTIAL.         | 64 T - RESULTS FOR EXPERIMENTAL DATA ON FILE 64
 14 F - DEFORMED IMAGINARY SPIN-ORBIT/TENSOR POTENTIAL.    |        AND AT EQUIDISTANT ANGLES WRITTEN ON FILE 66.
 15 F - REDUCED NUCLEAR MATRIX ELEMENTS READ FROM CARDS.   | 65 T - LEGENDRE EXPANSION FOR CROSS-SECTIONS WRITTEN ON
 16 F - HEAVY-ION DEFINITION OF RADII AND DEFORMATIONS.    |        FILE 65.
 17 F - FOLDING MODEL.                                     | 66 F - NO CALCULATION AT EQUIDISTANT ANGLES.
 18 F - PROJECTILE-TARGET ANTISYMMETRISATION.              | 67 T - NO PLOT OF EXPERIMENTAL DATA.
 19 F - DEFORMED COULOMB SPIN-ORBIT POTENTIAL.             | 68 T - NO PLOT OF CROSS-SECTIONS AT EQUIDISTANT ANGLES.
 20 F - DISPERSION RELATIONS FOR TRANSITION FORM-FACTORS.  | 69 T - NO PLOT OF POLARISATIONS AT EQUIDISTANT ANGLES.
                                                           |
 21 F - USUAL COUPLED EQUATIONS-(.F.: ITERATIONS).         | 71 F - NO DETAILED OUTPUT OF LOGICAL CONTROLS.
 22 F - NO USE OF PADE FOR CONVERGENCE OF THE ITERATIONS.  | 72 T - NO OUTPUT OF EXPERIMENTAL DATA AS THEY ARE READ.
 23 T - NO USE OF PADE WITHOUT CONVERGENCE.                | 73 T - NO OUTPUT OF EXTERNAL POTENTIALS AS THEY ARE READ.
 24 F - COUPLING POTENTIALS COMPUTED AT EACH ITERATION.    | 74 F - OUTPUT OF VARIATIONS IN STORAGE.
 25 F - COMPLETE CALCULATION UP TO THE END-(.F.: ONE ITE-  | 75 T - NO COMPLETE OUTPUT AT THE FIRST RUN OF A SEARCH.
        RATION ONLY AS SOON AS TWO ITERATIONS ARE ENOUGH). | 76 F - LO(51) TO LO(65) ARE ALWAYS USED-(.F.: ONLY FOR
 26 F - INTEGRATION STABILISED FOR LONG RANGE POTENTIAL.   |        COMPLETE OUTPUT)
 27 F - NUMEROV'S METHOD FOR SINGLE EQUATIONS-(.F.: MODI-  | 77 F - OUTPUT OF TIME DIFFERENCES DURING THE SEARCH.
        FIED NUMEROV'S METHOD).                            | 78 F - OUTPUT OF DIFFERENCES BETWEEN EXPERIMENTAL
 28 T - COMPUTATION UP TO J-CONVERGENCE-(.F.: STOP WHEN    |        AND CALCULATED VALUES.
        ALL THE INHOMOGENEOUS TERMS ARE NEGLIGIBLE).       |
 29 F - NO DIAGONAL TERM IN SECOND MEMBERS.                | 81 F - HAUSER-FESHBACH CORRECTIONS TO CROSS-SECTIONS.
 30 T - PURE DWBA CALCULATION.                             | 82 F - SIMPLEST COMPOUND NUCLEUS FORMALISM.
                                                           | 83 F - NO ENGELBRETCH-WEIDENMULLER TRANSFORMATION IN
 31 F - INPUT OF EXPERIMENTAL DATA AND CHI2 CALCULATION.   |        IN COMPOUND NUCLEUS.
 32 F - AUTOMATIC SEARCH ON SOME PARAMETERS.               | 84 F - UNCOUPLED LEVELS FOR COMPOUND NUCLEUS.
 33 F - SYMMETRISED CHI2 FOR CROSS-SECTIONS.               | 85 F - FISSION DATA IN COMPOUND NUCLEUS.
 34 F - NEXT CALCULATION CHANGING ENERGY AND/OR SOME       | 86 F - GAMMA EMISSION DATA IN COMPOUND NUCLEUS.
        PARAMETERS.                                        | 87 F - NO WIDTH FLUCTUATIONS.
 35 F - SEARCH SAVED ON TAPE 8 IF ENDED OR LACK OF TIME.   |
 36 F - RESTART A SEARCH FROM TAPE 8.                      | 91 F - EQUIDISTANT ANGLES IN THE LABORATORY SYSTEM.
                                                           | 92 F - NON STANDARD OBSERVABLES AT EQUIDISTANT ANGLES.
 41 F - FACTORISATION OF 1/(1-COS(THETA)) IN AMPLITUDES.   | 93 F - NO RECOIL CORRECTION FOR REACTIONS.
 42 F - SCHMIDT'S ORTHOGONAL. IN USUAL COUPLED EQUATIONS.  | 94 F - NON RELATIVISTIC "REDUCED MASS" FOR DIRAC EQUATION.
 43 F - INTERPOLATION ON TOTAL SPIN.                       | 95 T - "REDUCED ENERGY" FOR NON COULOMB INTERACTION IN
 44 F - COULOMB CORRECTIONS.                               |        RELATIVISTIC SCHROEDINGER EQUATION OR USE OF REST
 45 F - ANGULAR MOMENTUM LIMIT FOR COULOMB CORRECTIONS.    |        MASS IN DIRAC EQUATION.
 46 F - RESTRICTED COULOMB CORRECTIONS.                    | 96 F - "REDUCED MASS" FOR COULOMB INTERACTION IN
 47 F - NO RECOIL CORRECTION FOR BOUND STATES.             |        RELATIVISTIC SCHROEDINGER EQUATION.
                                                           | 97 F - SAME REDUCED MASS FOR ALL THE STATES.
 51 F - OUTPUT OF POTENTIALS.                              | 98 F - Q ADDED TO THE MASS OF RESIDUAL NUCLEUS.
 52 F - OUTPUT OF REDUCED NUCLEAR MATRIX ELEMENTS.         | 99 F - SCHROEDINGER EQUIVALENT TO DIRAC EQUATION.
 53 F - OUTPUT OF THE NUMBER OF ITERATIONS.                |100 F - COMPLETE DIRAC EQUATION.
1
          **********************************************************************************
          *                                                                                *
          *      60.00000 MeV proton   on 139LA: SPHERICAL OMP                             *
          *                                                                                *
          **********************************************************************************

 MAXIMUM NUMBER OF J    52  (MIN  0) STOP WHEN MAXIMUM S-MATRIX ELEMENT IS LESS THAN        0.1000D-04

 PLOT CONDITIONS FOR CROSS-SECTIONS    2    2     FOR POLARISATIONS    1    1

          ITERATION METHOD:  MAXIMUM NUMBER OF ITERATIONS         1
          CONVERGENCE CRITERION:     1.0000D-05 FOR S-MATRIX     1.0000D-05 FOR POTENTIALS AND FUNCTIONS.


 INDICATIONS FOR EXPANSION OF CROSS-SECTIONS IN LEGENDRE POLYNOMIALS:    2    0    0

 FIRST ORDER VIBRATIONAL MODEL.


 TARGET              MASS = 138.90635           PRODUCT OF CHARGES =   57.           AT**1/3 =   5.178938D+00
 INCIDENT PARTICLE   MASS =   1.00782      SPIN = 0.5   AP**1/3 =   1.002600D+00
          ENERGY(LAB) =   6.000000D+01 MEV          ENERGY(C. M.) =   5.955421D+01 MEV.

 N =  1 -   SPIN = 0.0+ EXCITATION ENERGY =  0.0000 MEV          POTENTIAL    1


 OPTICAL POTENTIALS  **  1 **     REDUCED RADIUS MULTIPLIED BY     5.178938D+00

      DEFORMED  VOLUME/SCALAR REAL POTENTIAL
 DEPTH   39.047540 MEV   RADIUS  6.347513 FERMI (REDUCED VALUE 1.225640)   DIFFUSENESS 0.657130 FERMI AT THE POWER (1+ 0.000000)

      DEFORMED  VOLUME/SCALAR IMAGINARY POTENTIAL
 DEPTH    6.111630 MEV   RADIUS  6.347513 FERMI (REDUCED VALUE 1.225640)   DIFFUSENESS 0.657130 FERMI AT THE POWER (1+ 0.000000)

      DEFORMED  SURFACE/VECTOR REAL POTENTIAL
 DEPTH    0.000000 MEV   RADIUS  0.000000 FERMI (REDUCED VALUE 0.000000)   DIFFUSENESS 0.000000 FERMI AT THE POWER (1+ 0.000000)

      DEFORMED  SURFACE/VECTOR IMAGINARY POTENTIAL
 DEPTH    4.418580 MEV   RADIUS  6.527015 FERMI (REDUCED VALUE 1.260300)   DIFFUSENESS 0.591050 FERMI AT THE POWER (1+ 0.000000)

  NOT DEFORMED  REAL SPIN-ORBIT/TENSOR POTENTIAL
 DEPTH    4.858610 MEV   RADIUS  5.492264 FERMI (REDUCED VALUE 1.060500)   DIFFUSENESS 0.590000 FERMI AT THE POWER (1+ 0.000000)

  NOT DEFORMED  IMAGINARY SPIN-ORBIT/TENSOR POTENTIAL
 DEPTH   -0.456530 MEV   RADIUS  5.492264 FERMI (REDUCED VALUE 1.060500)   DIFFUSENESS 0.590000 FERMI AT THE POWER (1+ 0.000000)

      DEFORMED  COULOMB POTENTIAL
  CHARGE PRODUCT    57.  RADIUS  6.356939 FERMI (REDUCED VALUE 1.227460)   DIFFUSENESS 0.000000 FERMI AT THE POWER (1+ 0.000000)

  NOT DEFORMED  SPIN-ORBIT COULOMB POTENTIAL
 DEPTH    0.000000 MEV   RADIUS  0.000000 FERMI (REDUCED VALUE 0.000000)   DIFFUSENESS 0.000000 FERMI AT THE POWER (1+ 0.000000)
              THIRD CHARGE PARAMETER57.000000

 INTEGRATION STEP SIZE = 0.14760          MATCHING RADIUS =  40.000 FERMI

 SCATTERING ANGLES FROM  0.000 IN STEPS OF  2.000 UP TO 180.000 DEGREES   AVERAGED WITH +/-   0.000 DEGREES.


       1 SOLUTIONS         1 COUPLED EQUATIONS         2 INDEPENDENT AMPLITUDES.


 LEVEL       WAVE NUMBER  COULOMB PARAMETER   REDUCED MASS       REDUCED ENERGY     STEP SIZE
     1      1.7146614175      1.2173671543    990.2531248001    990.2531248001      0.1476014760
 MAXIMUM J-VALUE =  45.5                MAXIMUM SCATTERING COEFFICIENT AT THE END   0.909D-05
 MAXIMUM J-VALUE =  44.5                MAXIMUM SCATTERING COEFFICIENT AT THE END   0.954D-05
1 COEFFICIENTS OF LEGENDRE POLYNOMIALS DESCRIBING THE CROSS-SECTIONS.

 DIRECT INTERACTION FOR LEVEL 1 MULTIPLIED BY (1-COS(THETA))**( 2 ) 138 COEFFICIENTS
    L        C(L)              C(L+1)             C(L+2)             C(L+3)             C(L+4)
    0  -3.8585414632D+00   5.0972164351D-01   1.0753359963D-01  -4.9979818376D-03  -1.1449880522D-02
    5  -1.1361894445D-02   1.5470304920D-03   5.1390241524D-03   1.0059002169D-02   8.9653639507D-03
   10   1.0516260806D-02   8.0100602957D-03   9.1894467160D-03   9.2800435478D-03   7.1221015985D-03
   15   1.8635077735D-02   1.7643744978D-02   1.2380241801D-02   3.3034786847D-02   2.7476233929D-02
   20  -2.0243399857D-02  -6.0949127163D-02  -5.8050970420D-02  -2.9045972016D-02  -3.7573322199D-04
   25   1.4648980601D-02   1.7967822471D-02   1.5496082474D-02   1.1564286001D-02   8.0921071974D-03
   30   5.5690129566D-03   3.8557436069D-03   2.7121987530D-03   1.9417739147D-03   1.3895524584D-03
   35   1.0051699153D-03   7.0894271372D-04   4.8183989439D-04   3.0569193453D-04   1.6675869093D-04
   40   5.7489719887D-05  -2.4095223157D-05  -9.2616624457D-05  -1.4035653830D-04  -1.7820705223D-04
   45  -2.1071977630D-04  -2.3030792403D-04  -2.3401771081D-04  -2.5304047897D-04  -2.5397978196D-04
   50  -2.5065610019D-04  -2.4852345850D-04  -2.4675387251D-04  -2.3892648736D-04  -2.3399098256D-04
   55  -2.2765187436D-04  -2.1978592316D-04  -2.0636582774D-04  -2.0188910754D-04  -1.9322507942D-04
   60  -1.8346781089D-04  -1.7471036232D-04  -1.6621240459D-04  -1.5788776351D-04  -1.4977839406D-04
   65  -1.4192177460D-04  -1.3434220872D-04  -1.2705482641D-04  -1.2006573282D-04  -1.1338106410D-04
   70  -1.0699710214D-04  -1.0091206671D-04  -9.5120317122D-05  -8.9614454167D-05  -8.4385747318D-05
   75  -7.9426155438D-05  -7.4724618152D-05  -7.0272257609D-05  -6.6057315607D-05  -6.2070951244D-05
   80  -5.8301633695D-05  -5.4739820662D-05  -5.1374782963D-05  -4.8198197297D-05  -4.5198743590D-05
   85  -4.2368841458D-05  -3.9698593488D-05  -3.7180819439D-05  -3.4805606171D-05  -3.2567317327D-05
   90  -3.0456375390D-05  -2.8468537255D-05  -2.6593714609D-05  -2.4828296895D-05  -2.3165058435D-05
   95  -2.1598487826D-05  -2.0123164286D-05  -1.8733954910D-05  -1.7426002412D-05  -1.6194712819D-05
  100  -1.5035743277D-05  -1.3944990029D-05  -1.2918576662D-05  -1.1952842668D-05  -1.1044332362D-05
  105  -1.0189784193D-05  -9.3861204527D-06  -8.6304374140D-06  -7.9199958904D-06  -7.2522122209D-06
  110  -6.6246496786D-06  -6.0350102943D-06  -5.4811270874D-06  -4.9609566902D-06  -4.4725723574D-06
  115  -4.0141573417D-06  -3.5839986277D-06  -3.1804810022D-06  -2.8020814538D-06  -2.4473638789D-06
  120  -2.1149740881D-06  -1.8036350894D-06  -1.5121426426D-06  -1.2393610639D-06  -9.8421927358D-07
  125  -7.4570706848D-07  -5.2287161211D-07  -3.1481412522D-07  -1.2068677150D-07   6.0310278890D-08
  130   2.2893161143D-07   3.8588917139D-07   5.3185471312D-07   6.6746210852D-07   7.9330951881D-07
  135   9.0996144035D-07   1.0179506309D-06   1.1177799221D-06
1       60.00000 MeV proton   on 139LA: SPHERICAL OMP                         


 TOTAL REACTION CROSS SECTION =   1603.628437 MILLIBARNS.

 ELASTIC SCATTERING ON THE TARGET STATE OF SPIN =  0.0+

      ANGLE    CROSS-SECTION     C. S./RUTHER.     ASYM. OR IT11  
      0.000     0.86967D+04         869.6683545         0.0000000
      2.000     0.14101D+08           1.0380977        -0.0006977
      4.000     0.75057D+06           0.8835735         0.0061812
      6.000     0.11909D+06           0.7089774         0.0256135
      8.000     0.39757D+05           0.7470047         0.0136705
     10.000     0.18865D+05           0.8638141        -0.0374931
     12.000     0.88039D+04           0.8340366        -0.1078757
     14.000     0.33457D+04           0.5856542        -0.2059095
     16.000     0.85258D+03           0.2538223        -0.3568762
     18.000     0.13827D+03           0.0657110        -0.0385556
     20.000     0.22978D+03           0.1657953         0.5984666
     22.000     0.48318D+03           0.5082540         0.2991623
     24.000     0.59716D+03           0.8854800         0.1295268
     26.000     0.52468D+03           1.0661565        -0.0021631
     28.000     0.34765D+03           0.9449679        -0.1444528
     30.000     0.16978D+03           0.6045797        -0.3412566
     32.000     0.55718D+02           0.2552228        -0.6219974
     34.000     0.17060D+02           0.0989229        -0.0301711
     36.000     0.28909D+02           0.2091860         0.9166489
     38.000     0.55927D+02           0.4986148         0.6682035
     40.000     0.72290D+02           0.7849777         0.4539681
     42.000     0.69178D+02           0.9054396         0.2861134
     44.000     0.51601D+02           0.8063756         0.1263048
     46.000     0.30282D+02           0.5601074        -0.0468406
     48.000     0.14226D+02           0.3089749        -0.1787509
     50.000     0.70505D+01           0.1784781         0.1730583
     52.000     0.72389D+01           0.2121350         0.8910539
     54.000     0.10690D+02           0.3603549         0.9511845
     56.000     0.13507D+02           0.5206698         0.8124779
     58.000     0.13674D+02           0.5994298         0.6688420
     60.000     0.11272D+02           0.5590484         0.5327509
     62.000     0.76752D+01           0.4285701         0.3977566
     64.000     0.44471D+01           0.2782848         0.2879246
     66.000     0.25473D+01           0.1778627         0.3575628
     68.000     0.20874D+01           0.1619697         0.7383398
     70.000     0.25481D+01           0.2188534         0.9780990
     72.000     0.32053D+01           0.3036067         0.9869298
     74.000     0.35085D+01           0.3652108         0.9273557
     76.000     0.32588D+01           0.3715392         0.8568457
     78.000     0.25805D+01           0.3211874         0.7860325
     80.000     0.17661D+01           0.2392489         0.7187762
     82.000     0.10990D+01           0.1615675         0.6772728
     84.000     0.73487D+00           0.1169029         0.7275231
     86.000     0.67312D+00           0.1155581         0.8695454
     88.000     0.80022D+00           0.1478656         0.9546689
     90.000     0.96517D+00           0.1914780         0.9642189
     92.000     0.10492D+01           0.2229256         0.9456864
     94.000     0.10016D+01           0.2273916         0.9216277
     96.000     0.83945D+00           0.2031721         0.8993439
     98.000     0.62281D+00           0.1603415         0.8823797
    100.000     0.42014D+00           0.1148119         0.8769439
    102.000     0.28032D+00           0.0811416         0.8940306
    104.000     0.22068D+00           0.0675241         0.9300366
    106.000     0.22861D+00           0.0738013         0.9465487
    108.000     0.27245D+00           0.0926161         0.9337515
    110.000     0.31741D+00           0.1134085         0.9123975
    112.000     0.33821D+00           0.1267820         0.8936322
    114.000     0.32411D+00           0.1272413         0.8807403
    116.000     0.27889D+00           0.1144701         0.8754846
    118.000     0.21671D+00           0.0928356         0.8805455
    120.000     0.15450D+00           0.0689662         0.9001082
    122.000     0.10580D+00           0.0491269         0.9370368
    124.000     0.77733D-01           0.0374904         0.9792462
    126.000     0.70245D-01           0.0351328         0.9920721
    128.000     0.77568D-01           0.0401697         0.9706292
    130.000     0.91456D-01           0.0489653         0.9459499
    132.000     0.10403D+00           0.0574996         0.9323267
    134.000     0.10996D+00           0.0626500         0.9275506
    136.000     0.10748D+00           0.0630329         0.9255163
    138.000     0.97580D-01           0.0588221         0.9197020
    140.000     0.82743D-01           0.0511972         0.9033837
    142.000     0.66202D-01           0.0419880         0.8712848
    144.000     0.51010D-01           0.0331170         0.8249087
    146.000     0.39374D-01           0.0261316         0.7795847
    148.000     0.32700D-01           0.0221555         0.7641384
    150.000     0.31417D-01           0.0217030         0.7906503
    152.000     0.34830D-01           0.0244988         0.8226190
    154.000     0.41500D-01           0.0296833         0.8220366
    156.000     0.49399D-01           0.0358847         0.7896739
    158.000     0.56135D-01           0.0413611         0.7438347
    160.000     0.59906D-01           0.0447143         0.6996811
    162.000     0.60088D-01           0.0453776         0.6679752
    164.000     0.57262D-01           0.0436972         0.6555211
    166.000     0.53493D-01           0.0411980         0.6578697
    168.000     0.51776D-01           0.0401937         0.6502582
    170.000     0.54366D-01           0.0424893         0.5990937
    172.000     0.61940D-01           0.0486749         0.4964184
    174.000     0.73430D-01           0.0579519         0.3669602
    176.000     0.85700D-01           0.0678419         0.2374649
    178.000     0.94735D-01           0.0751311         0.1162846
    180.000     0.97970D-01           0.0777440         0.0000000


 *** WORKSPACE USED IN THIS COMPUTATION      8021  ***            34991979 MEMORIES NOT USED.

  End time: 11:15.26 (21-02-2018)

  Calculation time:     0 min  0 s
