\BOOKMARK [0][-]{section*.2}{Measuring natLa\(p,x\) Cross Sections from 35-60 MeV by Stacked Foil Activation}{}% 2
\BOOKMARK [1][-]{section*.1}{Abstract}{section*.2}% 1
\BOOKMARK [1][-]{section*.3}{Introduction}{section*.2}% 3
\BOOKMARK [2][-]{section*.4}{Motivation}{section*.3}% 4
\BOOKMARK [1][-]{section*.5}{Methodology}{section*.2}% 5
\BOOKMARK [2][-]{section*.6}{Description of Experiment}{section*.5}% 6
\BOOKMARK [2][-]{section*.7}{Facility Overview}{section*.5}% 7
\BOOKMARK [2][-]{section*.8}{Detector Calibration}{section*.5}% 8
\BOOKMARK [2][-]{section*.9}{Irradiation and Counting}{section*.5}% 9
\BOOKMARK [1][-]{section*.10}{Data Analysis}{section*.2}% 10
\BOOKMARK [2][-]{section*.11}{Peak Fitting}{section*.10}% 11
\BOOKMARK [2][-]{section*.12}{Determining Foil Activities}{section*.10}% 12
\BOOKMARK [2][-]{section*.13}{Current Monitors and Energy Assignments}{section*.10}% 13
\BOOKMARK [2][-]{section*.14}{Optimization of Energy Assignments}{section*.10}% 14
\BOOKMARK [1][-]{section*.15}{Results and Discussion}{section*.2}% 15
\BOOKMARK [2][-]{section*.16}{natLa\(p,6n\)134Ce Cross Section}{section*.15}% 16
\BOOKMARK [2][-]{section*.17}{natLa\(p,5n\)135Ce Cross Section}{section*.15}% 17
\BOOKMARK [2][-]{section*.18}{natLa\(p,3n\)137m,137gCe Cross Sections}{section*.15}% 18
\BOOKMARK [2][-]{section*.19}{natLa\(p,n\)139Ce Cross Section}{section*.15}% 19
\BOOKMARK [2][-]{section*.20}{natLa\(p,x\)132Cs Cross Section}{section*.15}% 20
\BOOKMARK [2][-]{section*.21}{natLa\(p,x\)133m,133gBa Cross Sections}{section*.15}% 21
\BOOKMARK [2][-]{section*.22}{natLa\(p,x\)135La Cross Section}{section*.15}% 22
\BOOKMARK [2][-]{section*.23}{natCu\(p,x\)61Cu Cross Section}{section*.15}% 23
\BOOKMARK [1][-]{section*.24}{Summary and Conclusions}{section*.2}% 24
\BOOKMARK [1][-]{section*.25}{Acknowledgements}{section*.2}% 25
\BOOKMARK [1][-]{section*.26}{References}{section*.2}% 26
\BOOKMARK [1][-]{section*.27}{Table of Cross Sections}{section*.2}% 27
\BOOKMARK [1][-]{section*.28}{Stack Design}{section*.2}% 28
\BOOKMARK [1][-]{section*.29}{Relevant Nuclear Data ensdf}{section*.2}% 29
