This is pdfTeX, Version 3.14159265-2.6-1.40.18 (TeX Live 2017/Debian) (preloaded format=pdflatex 2018.6.10)  21 AUG 2018 07:44
entering extended mode
 restricted \write18 enabled.
 %&-line parsing enabled.
**writeup.tex
(./writeup.tex
LaTeX2e <2017-04-15>
Babel <3.18> and hyphenation patterns for 84 language(s) loaded.
(/usr/share/texlive/texmf-dist/tex/latex/revtex/revtex4-1.cls
Document Class: revtex4-1 2010/07/25/20:33:00 4.1r (http://publish.aps.org/revt
ex4/ for documentation)
 Copyright (c) 2009 The American Physical Society.
 mailto:revtex@aps.org
 Licensed under the LPPL:
http://www.ctan.org/tex-archive/macros/latex/base/lppl.txt
 Arthur Ogawa <arthur_ogawa at sbcglobal dot net>
 Based on work by David Carlisle <david at dcarlisle.demon.co.uk>.
ltxutil[2010/07/25/20:33:00 4.1r utilities package (portions licensed from W. E
. Baxter web at superscript.com)]
LaTeX Info: Redefining \@centercr on input line 308.
Class revtex4-1 Info: Repairing broken LaTeX eqnarray on input line 358.
\eqncolsep=\skip41
Class revtex4-1 Info: Repairing hyperref-unfriendly LaTeX definition of \mpfoot
note on input line 433.
Class revtex4-1 Info: Repairing broken LateX \@sect on input line 755.
\intertabularlinepenalty=\count79
\@tbpen=\count80
\@arstrutbox@hline=\box26
Class revtex4-1 Info: Repairing broken LaTeX \@xbitor on input line 1786.
Class revtex4-1 Info: Making \typeout \long on input line 2046.
ltxfront[2010/07/25/20:33:00 4.1r frontmatter package (AO,DPC)]
\c@affil=\count81
\c@collab=\count82
\absbox=\box27
ltxgrid[2010/07/25/20:33:00 4.1r page grid package (portions licensed from W. E
. Baxter web at superscript.com)]
\c@linecount=\count83
\output@latex=\toks14
\box@size@1=\box28
\box@size@2=\box29
\@protection@box=\box30
\@topmark@saved=\toks15
\footins@saved=\box31
\footins@recovered=\box32
\column@recovered=\box33
\pagesofar=\box34
\footsofar=\box35
\pagegrid@col=\count84
Class revtex4-1 Info: Overriding \@vspace, \@vspacer, \@no@pgbk, \@newline, and
 \\  on input line 5578.
\c@part=\count85
\c@section=\count86
\c@subsection=\count87
\c@subsubsection=\count88
\c@paragraph=\count89
\c@subparagraph=\count90
\abovecaptionskip=\skip42
\belowcaptionskip=\skip43
\c@figure=\count91
\fbox@1=\box36
\c@table=\count92
\fbox@2=\box37
\c@video=\count93
\fbox@4=\box38
\@bibdataout=\write3
\widetext@top=\box39
\widetext@bot=\box40
Class revtex4-1 Info: Selecting society aps on input line 7542.
(/usr/share/texlive/texmf-dist/tex/latex/revtex/aps4-1.rtx
File: aps4-1 2010/07/25/20:33:00 4.1r (http://publish.aps.org/revtex4/ for docu
mentation)
Class revtex4-1 Info: RevTeX society APS selected on input line 31.
)

Class revtex4-1 Warning: No journal specified, using default pra.

Class revtex4-1 Info: APS journal PRA selected on input line 7545.

Class revtex4-1 Warning: No type size specified, using default 10.

(/usr/share/texlive/texmf-dist/tex/latex/revtex/aps10pt4-1.rtx
File: aps10pt4-1 2010/07/25/20:33:00 4.1r (http://publish.aps.org/revtex4/ for 
documentation)
Class revtex4-1 Info: RevTeX pointsize 10pt selected on input line 30.
)
(/usr/share/texlive/texmf-dist/tex/latex/textcase/textcase.sty
Package: textcase 2004/10/07 v0.07 Text only upper/lower case changing (DPC)
)
(/usr/share/texlive/texmf-dist/tex/latex/amsfonts/amssymb.sty
Package: amssymb 2013/01/14 v3.01 AMS font symbols

(/usr/share/texlive/texmf-dist/tex/latex/amsfonts/amsfonts.sty
Package: amsfonts 2013/01/14 v3.01 Basic AMSFonts support
\@emptytoks=\toks16
\symAMSa=\mathgroup4
\symAMSb=\mathgroup5
LaTeX Font Info:    Overwriting math alphabet `\mathfrak' in version `bold'
(Font)                  U/euf/m/n --> U/euf/b/n on input line 106.
))
(/usr/share/texlive/texmf-dist/tex/latex/amsmath/amsmath.sty
Package: amsmath 2017/09/02 v2.17a AMS math features
\@mathmargin=\skip44

For additional information on amsmath, use the `?' option.
(/usr/share/texlive/texmf-dist/tex/latex/amsmath/amstext.sty
Package: amstext 2000/06/29 v2.01 AMS text

(/usr/share/texlive/texmf-dist/tex/latex/amsmath/amsgen.sty
File: amsgen.sty 1999/11/30 v2.0 generic functions
\@emptytoks=\toks17
\ex@=\dimen102
)
LaTeX Info: Redefining \text on input line 28.
)
(/usr/share/texlive/texmf-dist/tex/latex/amsmath/amsbsy.sty
Package: amsbsy 1999/11/29 v1.2d Bold Symbols
\pmbraise@=\dimen103
)
(/usr/share/texlive/texmf-dist/tex/latex/amsmath/amsopn.sty
Package: amsopn 2016/03/08 v2.02 operator names
)
\inf@bad=\count94
LaTeX Info: Redefining \frac on input line 213.
\uproot@=\count95
\leftroot@=\count96
LaTeX Info: Redefining \overline on input line 375.
\classnum@=\count97
\DOTSCASE@=\count98
LaTeX Info: Redefining \ldots on input line 472.
LaTeX Info: Redefining \dots on input line 475.
LaTeX Info: Redefining \cdots on input line 596.
\Mathstrutbox@=\box41
\strutbox@=\box42
\big@size=\dimen104
LaTeX Font Info:    Redeclaring font encoding OML on input line 712.
LaTeX Font Info:    Redeclaring font encoding OMS on input line 713.
\macc@depth=\count99
\c@MaxMatrixCols=\count100
\dotsspace@=\muskip10
\c@parentequation=\count101
\dspbrk@lvl=\count102
\tag@help=\toks18
\row@=\count103
\column@=\count104
\maxfields@=\count105
\andhelp@=\toks19
\eqnshift@=\dimen105
\alignsep@=\dimen106
\tagshift@=\dimen107
\tagwidth@=\dimen108
\totwidth@=\dimen109
\lineht@=\dimen110
\@envbody=\toks20
\multlinegap=\skip45
\multlinetaggap=\skip46
\mathdisplay@stack=\toks21
LaTeX Info: Redefining \[ on input line 2817.
LaTeX Info: Redefining \] on input line 2818.
)
(/usr/share/texlive/texmf-dist/tex/latex/url/url.sty
\Urlmuskip=\muskip11
Package: url 2013/09/16  ver 3.4  Verb mode for urls, etc.
)
(/usr/share/texlive/texmf-dist/tex/latex/natbib/natbib.sty
Package: natbib 2010/09/13 8.31b (PWD, AO)
\bibhang=\skip47
\bibsep=\skip48
LaTeX Info: Redefining \cite on input line 694.
\c@NAT@ctr=\count106
)
Class revtex4-1 Info: Repairing natbib's \BibitemShut on input line 7549.

(/usr/share/texlive/texmf-dist/tex/latex/revtex/revsymb4-1.sty
Package: revsymb4-1 2010/07/25/20:33:00 4.1r (http://publish.aps.org/revtex4/ f
or documentation)
LaTeX Info: Redefining \frak on input line 95.
LaTeX Info: Redefining \Bbb on input line 111.
LaTeX Info: Redefining \REV@mathfrak on input line 119.
))
(/usr/share/texlive/texmf-dist/tex/latex/graphics/graphicx.sty
Package: graphicx 2017/06/01 v1.1a Enhanced LaTeX Graphics (DPC,SPQR)

(/usr/share/texlive/texmf-dist/tex/latex/graphics/keyval.sty
Package: keyval 2014/10/28 v1.15 key=value parser (DPC)
\KV@toks@=\toks22
)
(/usr/share/texlive/texmf-dist/tex/latex/graphics/graphics.sty
Package: graphics 2017/06/25 v1.2c Standard LaTeX Graphics (DPC,SPQR)

(/usr/share/texlive/texmf-dist/tex/latex/graphics/trig.sty
Package: trig 2016/01/03 v1.10 sin cos tan (DPC)
)
(/usr/share/texlive/texmf-dist/tex/latex/graphics-cfg/graphics.cfg
File: graphics.cfg 2016/06/04 v1.11 sample graphics configuration
)
Package graphics Info: Driver file: pdftex.def on input line 99.

(/usr/share/texlive/texmf-dist/tex/latex/graphics-def/pdftex.def
File: pdftex.def 2018/01/08 v1.0l Graphics/color driver for pdftex
))
\Gin@req@height=\dimen111
\Gin@req@width=\dimen112
)
(/usr/share/texlive/texmf-dist/tex/latex/tools/bm.sty
Package: bm 2017/01/16 v1.2c Bold Symbol Support (DPC/FMi)
\symboldoperators=\mathgroup6
\symboldletters=\mathgroup7
\symboldsymbols=\mathgroup8
LaTeX Font Info:    Redeclaring math alphabet \mathbf on input line 141.
LaTeX Info: Redefining \bm on input line 207.
)
(/usr/share/texlive/texmf-dist/tex/latex/lipsum/lipsum.sty
Package: lipsum 2014/07/27 v1.3 150 paragraphs of Lorem Ipsum dummy text
\c@lips@count=\count107
)
(/usr/share/texlive/texmf-dist/tex/latex/hyperref/hyperref.sty
Package: hyperref 2018/02/06 v6.86b Hypertext links for LaTeX

(/usr/share/texlive/texmf-dist/tex/generic/oberdiek/hobsub-hyperref.sty
Package: hobsub-hyperref 2016/05/16 v1.14 Bundle oberdiek, subset hyperref (HO)


(/usr/share/texlive/texmf-dist/tex/generic/oberdiek/hobsub-generic.sty
Package: hobsub-generic 2016/05/16 v1.14 Bundle oberdiek, subset generic (HO)
Package: hobsub 2016/05/16 v1.14 Construct package bundles (HO)
Package: infwarerr 2016/05/16 v1.4 Providing info/warning/error messages (HO)
Package: ltxcmds 2016/05/16 v1.23 LaTeX kernel commands for general use (HO)
Package: ifluatex 2016/05/16 v1.4 Provides the ifluatex switch (HO)
Package ifluatex Info: LuaTeX not detected.
Package: ifvtex 2016/05/16 v1.6 Detect VTeX and its facilities (HO)
Package ifvtex Info: VTeX not detected.
Package: intcalc 2016/05/16 v1.2 Expandable calculations with integers (HO)
Package: ifpdf 2017/03/15 v3.2 Provides the ifpdf switch
Package: etexcmds 2016/05/16 v1.6 Avoid name clashes with e-TeX commands (HO)
Package etexcmds Info: Could not find \expanded.
(etexcmds)             That can mean that you are not using pdfTeX 1.50 or
(etexcmds)             that some package has redefined \expanded.
(etexcmds)             In the latter case, load this package earlier.
Package: kvsetkeys 2016/05/16 v1.17 Key value parser (HO)
Package: kvdefinekeys 2016/05/16 v1.4 Define keys (HO)
Package: pdftexcmds 2018/01/21 v0.26 Utility functions of pdfTeX for LuaTeX (HO
)
Package pdftexcmds Info: LuaTeX not detected.
Package pdftexcmds Info: \pdf@primitive is available.
Package pdftexcmds Info: \pdf@ifprimitive is available.
Package pdftexcmds Info: \pdfdraftmode found.
Package: pdfescape 2016/05/16 v1.14 Implements pdfTeX's escape features (HO)
Package: bigintcalc 2016/05/16 v1.4 Expandable calculations on big integers (HO
)
Package: bitset 2016/05/16 v1.2 Handle bit-vector datatype (HO)
Package: uniquecounter 2016/05/16 v1.3 Provide unlimited unique counter (HO)
)
Package hobsub Info: Skipping package `hobsub' (already loaded).
Package: letltxmacro 2016/05/16 v1.5 Let assignment for LaTeX macros (HO)
Package: hopatch 2016/05/16 v1.3 Wrapper for package hooks (HO)
Package: xcolor-patch 2016/05/16 xcolor patch
Package: atveryend 2016/05/16 v1.9 Hooks at the very end of document (HO)
Package: atbegshi 2016/06/09 v1.18 At begin shipout hook (HO)
Package: refcount 2016/05/16 v3.5 Data extraction from label references (HO)
Package: hycolor 2016/05/16 v1.8 Color options for hyperref/bookmark (HO)
)
(/usr/share/texlive/texmf-dist/tex/generic/ifxetex/ifxetex.sty
Package: ifxetex 2010/09/12 v0.6 Provides ifxetex conditional
)
(/usr/share/texlive/texmf-dist/tex/latex/oberdiek/auxhook.sty
Package: auxhook 2016/05/16 v1.4 Hooks for auxiliary files (HO)
)
(/usr/share/texlive/texmf-dist/tex/latex/oberdiek/kvoptions.sty
Package: kvoptions 2016/05/16 v3.12 Key value format for package options (HO)
)
\@linkdim=\dimen113
\Hy@linkcounter=\count108
\Hy@pagecounter=\count109

(/usr/share/texlive/texmf-dist/tex/latex/hyperref/pd1enc.def
File: pd1enc.def 2018/02/06 v6.86b Hyperref: PDFDocEncoding definition (HO)
)
\Hy@SavedSpaceFactor=\count110

(/usr/share/texlive/texmf-dist/tex/latex/latexconfig/hyperref.cfg
File: hyperref.cfg 2002/06/06 v1.2 hyperref configuration of TeXLive
)
Package hyperref Info: Option `colorlinks' set `true' on input line 4383.
Package hyperref Info: Hyper figures OFF on input line 4509.
Package hyperref Info: Link nesting OFF on input line 4514.
Package hyperref Info: Hyper index ON on input line 4517.
Package hyperref Info: Plain pages OFF on input line 4524.
Package hyperref Info: Backreferencing OFF on input line 4529.
Package hyperref Info: Implicit mode ON; LaTeX internals redefined.
Package hyperref Info: Bookmarks ON on input line 4762.
LaTeX Info: Redefining \href on input line 5026.
\c@Hy@tempcnt=\count111
LaTeX Info: Redefining \url on input line 5115.
\XeTeXLinkMargin=\dimen114
\Fld@menulength=\count112
\Field@Width=\dimen115
\Fld@charsize=\dimen116
Package hyperref Info: Hyper figures OFF on input line 6369.
Package hyperref Info: Link nesting OFF on input line 6374.
Package hyperref Info: Hyper index ON on input line 6377.
Package hyperref Info: backreferencing OFF on input line 6384.
Package hyperref Info: Link coloring ON on input line 6387.
Package hyperref Info: Link coloring with OCG OFF on input line 6394.
Package hyperref Info: PDF/A mode OFF on input line 6399.
LaTeX Info: Redefining \ref on input line 6439.
LaTeX Info: Redefining \pageref on input line 6443.
\Hy@abspage=\count113
\c@Item=\count114
\c@Hfootnote=\count115
)
Package hyperref Info: Driver (autodetected): hpdftex.

(/usr/share/texlive/texmf-dist/tex/latex/hyperref/hpdftex.def
File: hpdftex.def 2018/02/06 v6.86b Hyperref driver for pdfTeX
\Fld@listcount=\count116
\c@bookmark@seq@number=\count117

(/usr/share/texlive/texmf-dist/tex/latex/oberdiek/rerunfilecheck.sty
Package: rerunfilecheck 2016/05/16 v1.8 Rerun checks for auxiliary files (HO)
Package uniquecounter Info: New unique counter `rerunfilecheck' on input line 2
82.
)
\Hy@SectionHShift=\skip49
)
Class revtex4-1 Info: Patching LaTeX tabular. on input line 23.
Class revtex4-1 Info: Robustifying \LaTeX's \boldmath command on input line 23.

Class revtex4-1 Info: cite was not loaded (OK!) on input line 23.
Class revtex4-1 Info: mcite was not loaded (OK!) on input line 23.
Class revtex4-1 Info: multicol was not loaded (OK!) on input line 23.

(./writeup.aux

LaTeX Warning: Label `table:stack' multiply defined.

)
\openout1 = `writeup.aux'.

LaTeX Font Info:    Checking defaults for OML/cmm/m/it on input line 23.
LaTeX Font Info:    ... okay on input line 23.
LaTeX Font Info:    Checking defaults for T1/cmr/m/n on input line 23.
LaTeX Font Info:    ... okay on input line 23.
LaTeX Font Info:    Checking defaults for OT1/cmr/m/n on input line 23.
LaTeX Font Info:    ... okay on input line 23.
LaTeX Font Info:    Checking defaults for OMS/cmsy/m/n on input line 23.
LaTeX Font Info:    ... okay on input line 23.
LaTeX Font Info:    Checking defaults for OMX/cmex/m/n on input line 23.
LaTeX Font Info:    ... okay on input line 23.
LaTeX Font Info:    Checking defaults for U/cmr/m/n on input line 23.
LaTeX Font Info:    ... okay on input line 23.
LaTeX Font Info:    Checking defaults for PD1/pdf/m/n on input line 23.
LaTeX Font Info:    ... okay on input line 23.
 (/usr/share/texlive/texmf-dist/tex/context/base/mkii/supp-pdf.mkii
[Loading MPS to PDF converter (version 2006.09.02).]
\scratchcounter=\count118
\scratchdimen=\dimen117
\scratchbox=\box43
\nofMPsegments=\count119
\nofMParguments=\count120
\everyMPshowfont=\toks23
\MPscratchCnt=\count121
\MPscratchDim=\dimen118
\MPnumerator=\count122
\makeMPintoPDFobject=\count123
\everyMPtoPDFconversion=\toks24
) (/usr/share/texlive/texmf-dist/tex/latex/oberdiek/epstopdf-base.sty
Package: epstopdf-base 2016/05/15 v2.6 Base part for package epstopdf

(/usr/share/texlive/texmf-dist/tex/latex/oberdiek/grfext.sty
Package: grfext 2016/05/16 v1.2 Manage graphics extensions (HO)
)
Package epstopdf-base Info: Redefining graphics rule for `.eps' on input line 4
38.
Package grfext Info: Graphics extension search list:
(grfext)             [.pdf,.png,.jpg,.mps,.jpeg,.jbig2,.jb2,.PDF,.PNG,.JPG,.JPE
G,.JBIG2,.JB2,.eps]
(grfext)             \AppendGraphicsExtensions on input line 456.

(/usr/share/texlive/texmf-dist/tex/latex/latexconfig/epstopdf-sys.cfg
File: epstopdf-sys.cfg 2010/07/13 v1.3 Configuration of (r)epstopdf for TeX Liv
e
))
\AtBeginShipoutBox=\box44

(/usr/share/texlive/texmf-dist/tex/latex/graphics/color.sty
Package: color 2016/07/10 v1.1e Standard LaTeX Color (DPC)

(/usr/share/texlive/texmf-dist/tex/latex/graphics-cfg/color.cfg
File: color.cfg 2016/01/02 v1.6 sample color configuration
)
Package color Info: Driver file: pdftex.def on input line 147.
)
Package hyperref Info: Link coloring ON on input line 23.

(/usr/share/texlive/texmf-dist/tex/latex/hyperref/nameref.sty
Package: nameref 2016/05/21 v2.44 Cross-referencing by name of section

(/usr/share/texlive/texmf-dist/tex/generic/oberdiek/gettitlestring.sty
Package: gettitlestring 2016/05/16 v1.5 Cleanup title references (HO)
)
\c@section@level=\count124
)
LaTeX Info: Redefining \ref on input line 23.
LaTeX Info: Redefining \pageref on input line 23.
LaTeX Info: Redefining \nameref on input line 23.

(./writeup.out) (./writeup.out)
\@outlinefile=\write4
\openout4 = `writeup.out'.

Class revtex4-1 Info: Taking \maketitle back from hyperref on input line 23.
\openout3 = `writeupNotes.bib'.

LaTeX Font Info:    Try loading font information for U+msa on input line 33.

(/usr/share/texlive/texmf-dist/tex/latex/amsfonts/umsa.fd
File: umsa.fd 2013/01/14 v3.01 AMS symbols A
)
LaTeX Font Info:    Try loading font information for U+msb on input line 33.

(/usr/share/texlive/texmf-dist/tex/latex/amsfonts/umsb.fd
File: umsb.fd 2013/01/14 v3.01 AMS symbols B
)

Class revtex4-1 Warning: Assuming \noaffiliation for authors.


Package hyperref Warning: Token not allowed in a PDF string (PDFDocEncoding):
(hyperref)                removing `math shift' on input line 36.


Package hyperref Warning: Token not allowed in a PDF string (PDFDocEncoding):
(hyperref)                removing `superscript' on input line 36.


Package hyperref Warning: Token not allowed in a PDF string (PDFDocEncoding):
(hyperref)                removing `math shift' on input line 36.

[1{/var/lib/texmf/fonts/map/pdftex/updmap/pdftex.map}]
<../plots/photos/foil_stack.png, id=164, 1107.38719pt x 746.79pt>
File: ../plots/photos/foil_stack.png Graphic file (type png)
<use ../plots/photos/foil_stack.png>
Package pdftex.def Info: ../plots/photos/foil_stack.png  used on input line 104
.
(pdftex.def)             Requested size: 256.0748pt x 172.68108pt.

Overfull \hbox (10.0748pt too wide) in paragraph at lines 104--105
 [][] 
 []

[2 <../plots/photos/foil_stack.png>]
<../plots/photos/cyclotron.png, id=181, 313.09229pt x 158.06148pt>
File: ../plots/photos/cyclotron.png Graphic file (type png)
<use ../plots/photos/cyclotron.png>
Package pdftex.def Info: ../plots/photos/cyclotron.png  used on input line 120.

(pdftex.def)             Requested size: 256.0748pt x 129.28804pt.

Overfull \hbox (10.0748pt too wide) in paragraph at lines 120--121
 [][] 
 []

<../plots/calibration/energy_calibration.pdf, id=183, 462.52798pt x 346.89601pt
>
File: ../plots/calibration/energy_calibration.pdf Graphic file (type pdf)
<use ../plots/calibration/energy_calibration.pdf>
Package pdftex.def Info: ../plots/calibration/energy_calibration.pdf  used on i
nput line 136.
(pdftex.def)             Requested size: 256.0748pt x 192.06375pt.

Overfull \hbox (10.0748pt too wide) in paragraph at lines 136--137
 [][] 
 []

<../plots/calibration/efficiency_calibration.pdf, id=185, 462.52798pt x 346.896
01pt>
File: ../plots/calibration/efficiency_calibration.pdf Graphic file (type pdf)
<use ../plots/calibration/efficiency_calibration.pdf>
Package pdftex.def Info: ../plots/calibration/efficiency_calibration.pdf  used 
on input line 151.
(pdftex.def)             Requested size: 256.0748pt x 192.06375pt.

Overfull \hbox (10.0748pt too wide) in paragraph at lines 151--152
 [][] 
 []

[3 <../plots/photos/cyclotron.png> <../plots/calibration/energy_calibration.pdf
> <../plots/calibration/efficiency_calibration.pdf

pdfTeX warning: pdflatex (file ../plots/calibration/efficiency_calibration.pdf)
: PDF inclusion: multiple pdfs with page group included in a single page
>]
<../plots/peak_fits/I_1cm_La01_fits.pdf, id=328, 925.05597pt x 346.89601pt>
File: ../plots/peak_fits/I_1cm_La01_fits.pdf Graphic file (type pdf)
<use ../plots/peak_fits/I_1cm_La01_fits.pdf>
Package pdftex.def Info: ../plots/peak_fits/I_1cm_La01_fits.pdf  used on input 
line 170.
(pdftex.def)             Requested size: 256.0748pt x 96.02922pt.

Overfull \hbox (10.0748pt too wide) in paragraph at lines 170--171
 [][] 
 []

[4 <../plots/peak_fits/I_1cm_La01_fits.pdf>]
<../plots/decay_curves/La07_133BAm.pdf, id=384, 462.52798pt x 346.89601pt>
File: ../plots/decay_curves/La07_133BAm.pdf Graphic file (type pdf)
<use ../plots/decay_curves/La07_133BAm.pdf>
Package pdftex.def Info: ../plots/decay_curves/La07_133BAm.pdf  used on input l
ine 233.
(pdftex.def)             Requested size: 256.0748pt x 192.06375pt.

Overfull \hbox (10.0748pt too wide) in paragraph at lines 233--234
 [][] 
 []

<../plots/monitors/current_norm_mcnp.pdf, id=388, 462.52798pt x 346.89601pt>
File: ../plots/monitors/current_norm_mcnp.pdf Graphic file (type pdf)
<use ../plots/monitors/current_norm_mcnp.pdf>
Package pdftex.def Info: ../plots/monitors/current_norm_mcnp.pdf  used on input
 line 253.
(pdftex.def)             Requested size: 256.0748pt x 192.06375pt.

Overfull \hbox (10.0748pt too wide) in paragraph at lines 253--254
 [][] 
 []

[5 <../plots/decay_curves/La07_133BAm.pdf>]

LaTeX Warning: A float is stuck (cannot be placed) on input line 260.


LaTeX Warning: A float is stuck (cannot be placed) on input line 260.


Class revtex4-1 Warning: Deferred float stuck during \clearpage processing.

<../plots/monitors/La_az_spectrum.pdf, id=458, 462.52798pt x 346.89601pt>
File: ../plots/monitors/La_az_spectrum.pdf Graphic file (type pdf)
<use ../plots/monitors/La_az_spectrum.pdf>
Package pdftex.def Info: ../plots/monitors/La_az_spectrum.pdf  used on input li
ne 266.
(pdftex.def)             Requested size: 256.0748pt x 192.06375pt.

Overfull \hbox (10.0748pt too wide) in paragraph at lines 266--267
 [][] 
 []

<../plots/monitors/minimize_az.pdf, id=460, 462.52798pt x 346.89601pt>
File: ../plots/monitors/minimize_az.pdf Graphic file (type pdf)
<use ../plots/monitors/minimize_az.pdf>
Package pdftex.def Info: ../plots/monitors/minimize_az.pdf  used on input line 
281.
(pdftex.def)             Requested size: 256.0748pt x 192.06375pt.

Overfull \hbox (10.0748pt too wide) in paragraph at lines 281--282
 [][] 
 []

[6 <../plots/monitors/current_norm_mcnp.pdf> <../plots/monitors/La_az_spectrum.
pdf

pdfTeX warning: pdflatex (file ../plots/monitors/La_az_spectrum.pdf): PDF inclu
sion: multiple pdfs with page group included in a single page
>]

LaTeX Warning: A float is stuck (cannot be placed) on input line 290.


LaTeX Warning: A float is stuck (cannot be placed) on input line 290.


Class revtex4-1 Warning: Deferred float stuck during \clearpage processing.


Package hyperref Warning: Token not allowed in a PDF string (PDFDocEncoding):
(hyperref)                removing `math shift' on input line 299.


Package hyperref Warning: Token not allowed in a PDF string (PDFDocEncoding):
(hyperref)                removing `superscript' on input line 299.


Package hyperref Warning: Token not allowed in a PDF string (PDFDocEncoding):
(hyperref)                removing `math shift' on input line 299.


Package hyperref Warning: Token not allowed in a PDF string (PDFDocEncoding):
(hyperref)                removing `math shift' on input line 299.


Package hyperref Warning: Token not allowed in a PDF string (PDFDocEncoding):
(hyperref)                removing `superscript' on input line 299.


Package hyperref Warning: Token not allowed in a PDF string (PDFDocEncoding):
(hyperref)                removing `math shift' on input line 299.

<../plots/cross_sections/134CE.pdf, id=587, 462.52798pt x 346.89601pt>
File: ../plots/cross_sections/134CE.pdf Graphic file (type pdf)
<use ../plots/cross_sections/134CE.pdf>
Package pdftex.def Info: ../plots/cross_sections/134CE.pdf  used on input line 
306.
(pdftex.def)             Requested size: 256.0748pt x 192.06375pt.

Overfull \hbox (10.0748pt too wide) in paragraph at lines 306--307
 [][] 
 []


Package hyperref Warning: Token not allowed in a PDF string (PDFDocEncoding):
(hyperref)                removing `math shift' on input line 314.


Package hyperref Warning: Token not allowed in a PDF string (PDFDocEncoding):
(hyperref)                removing `superscript' on input line 314.


Package hyperref Warning: Token not allowed in a PDF string (PDFDocEncoding):
(hyperref)                removing `math shift' on input line 314.


Package hyperref Warning: Token not allowed in a PDF string (PDFDocEncoding):
(hyperref)                removing `math shift' on input line 314.


Package hyperref Warning: Token not allowed in a PDF string (PDFDocEncoding):
(hyperref)                removing `superscript' on input line 314.


Package hyperref Warning: Token not allowed in a PDF string (PDFDocEncoding):
(hyperref)                removing `math shift' on input line 314.

[7 <../plots/monitors/minimize_az.pdf> <../plots/cross_sections/134CE.pdf

pdfTeX warning: pdflatex (file ../plots/cross_sections/134CE.pdf): PDF inclusio
n: multiple pdfs with page group included in a single page
>]
<../plots/cross_sections/135CE.pdf, id=705, 462.52798pt x 346.89601pt>
File: ../plots/cross_sections/135CE.pdf Graphic file (type pdf)
<use ../plots/cross_sections/135CE.pdf>
Package pdftex.def Info: ../plots/cross_sections/135CE.pdf  used on input line 
319.
(pdftex.def)             Requested size: 256.0748pt x 192.06375pt.

Overfull \hbox (10.0748pt too wide) in paragraph at lines 319--320
 [][] 
 []


Package hyperref Warning: Token not allowed in a PDF string (PDFDocEncoding):
(hyperref)                removing `math shift' on input line 327.


Package hyperref Warning: Token not allowed in a PDF string (PDFDocEncoding):
(hyperref)                removing `superscript' on input line 327.


Package hyperref Warning: Token not allowed in a PDF string (PDFDocEncoding):
(hyperref)                removing `math shift' on input line 327.


Package hyperref Warning: Token not allowed in a PDF string (PDFDocEncoding):
(hyperref)                removing `math shift' on input line 327.


Package hyperref Warning: Token not allowed in a PDF string (PDFDocEncoding):
(hyperref)                removing `superscript' on input line 327.


Package hyperref Warning: Token not allowed in a PDF string (PDFDocEncoding):
(hyperref)                removing `math shift' on input line 327.

<../plots/cross_sections/137CEm.pdf, id=707, 462.52798pt x 346.89601pt>
File: ../plots/cross_sections/137CEm.pdf Graphic file (type pdf)
<use ../plots/cross_sections/137CEm.pdf>
Package pdftex.def Info: ../plots/cross_sections/137CEm.pdf  used on input line
 332.
(pdftex.def)             Requested size: 256.0748pt x 192.06375pt.

Overfull \hbox (10.0748pt too wide) in paragraph at lines 332--333
 [][] 
 []

<../plots/cross_sections/137CEg.pdf, id=710, 462.52798pt x 346.89601pt>
File: ../plots/cross_sections/137CEg.pdf Graphic file (type pdf)
<use ../plots/cross_sections/137CEg.pdf>
Package pdftex.def Info: ../plots/cross_sections/137CEg.pdf  used on input line
 341.
(pdftex.def)             Requested size: 256.0748pt x 192.06375pt.

Overfull \hbox (10.0748pt too wide) in paragraph at lines 341--342
 [][] 
 []


Package hyperref Warning: Token not allowed in a PDF string (PDFDocEncoding):
(hyperref)                removing `math shift' on input line 347.


Package hyperref Warning: Token not allowed in a PDF string (PDFDocEncoding):
(hyperref)                removing `superscript' on input line 347.


Package hyperref Warning: Token not allowed in a PDF string (PDFDocEncoding):
(hyperref)                removing `math shift' on input line 347.


Package hyperref Warning: Token not allowed in a PDF string (PDFDocEncoding):
(hyperref)                removing `math shift' on input line 347.


Package hyperref Warning: Token not allowed in a PDF string (PDFDocEncoding):
(hyperref)                removing `superscript' on input line 347.


Package hyperref Warning: Token not allowed in a PDF string (PDFDocEncoding):
(hyperref)                removing `math shift' on input line 347.

[8 <../plots/cross_sections/135CE.pdf> <../plots/cross_sections/137CEm.pdf

pdfTeX warning: pdflatex (file ../plots/cross_sections/137CEm.pdf): PDF inclusi
on: multiple pdfs with page group included in a single page
> <../plots/cross_sections/137CEg.pdf

pdfTeX warning: pdflatex (file ../plots/cross_sections/137CEg.pdf): PDF inclusi
on: multiple pdfs with page group included in a single page
>]
<../plots/cross_sections/139CE.pdf, id=909, 462.52798pt x 346.89601pt>
File: ../plots/cross_sections/139CE.pdf Graphic file (type pdf)
<use ../plots/cross_sections/139CE.pdf>
Package pdftex.def Info: ../plots/cross_sections/139CE.pdf  used on input line 
352.
(pdftex.def)             Requested size: 256.0748pt x 192.06375pt.

Overfull \hbox (10.0748pt too wide) in paragraph at lines 352--353
 [][] 
 []


Package hyperref Warning: Token not allowed in a PDF string (PDFDocEncoding):
(hyperref)                removing `math shift' on input line 360.


Package hyperref Warning: Token not allowed in a PDF string (PDFDocEncoding):
(hyperref)                removing `superscript' on input line 360.


Package hyperref Warning: Token not allowed in a PDF string (PDFDocEncoding):
(hyperref)                removing `math shift' on input line 360.


Package hyperref Warning: Token not allowed in a PDF string (PDFDocEncoding):
(hyperref)                removing `math shift' on input line 360.


Package hyperref Warning: Token not allowed in a PDF string (PDFDocEncoding):
(hyperref)                removing `superscript' on input line 360.


Package hyperref Warning: Token not allowed in a PDF string (PDFDocEncoding):
(hyperref)                removing `math shift' on input line 360.

<../plots/cross_sections/132CS.pdf, id=912, 462.52798pt x 346.89601pt>
File: ../plots/cross_sections/132CS.pdf Graphic file (type pdf)
<use ../plots/cross_sections/132CS.pdf>
Package pdftex.def Info: ../plots/cross_sections/132CS.pdf  used on input line 
365.
(pdftex.def)             Requested size: 256.0748pt x 192.06375pt.

Overfull \hbox (10.0748pt too wide) in paragraph at lines 365--366
 [][] 
 []


Package hyperref Warning: Token not allowed in a PDF string (PDFDocEncoding):
(hyperref)                removing `math shift' on input line 373.


Package hyperref Warning: Token not allowed in a PDF string (PDFDocEncoding):
(hyperref)                removing `superscript' on input line 373.


Package hyperref Warning: Token not allowed in a PDF string (PDFDocEncoding):
(hyperref)                removing `math shift' on input line 373.


Package hyperref Warning: Token not allowed in a PDF string (PDFDocEncoding):
(hyperref)                removing `math shift' on input line 373.


Package hyperref Warning: Token not allowed in a PDF string (PDFDocEncoding):
(hyperref)                removing `superscript' on input line 373.


Package hyperref Warning: Token not allowed in a PDF string (PDFDocEncoding):
(hyperref)                removing `math shift' on input line 373.

<../plots/cross_sections/133BAg.pdf, id=915, 462.52798pt x 346.89601pt>
File: ../plots/cross_sections/133BAg.pdf Graphic file (type pdf)
<use ../plots/cross_sections/133BAg.pdf>
Package pdftex.def Info: ../plots/cross_sections/133BAg.pdf  used on input line
 378.
(pdftex.def)             Requested size: 256.0748pt x 192.06375pt.

Overfull \hbox (10.0748pt too wide) in paragraph at lines 378--379
 [][] 
 []

<../plots/cross_sections/133BAm.pdf, id=917, 462.52798pt x 346.89601pt>
File: ../plots/cross_sections/133BAm.pdf Graphic file (type pdf)
<use ../plots/cross_sections/133BAm.pdf>
Package pdftex.def Info: ../plots/cross_sections/133BAm.pdf  used on input line
 387.
(pdftex.def)             Requested size: 256.0748pt x 192.06375pt.

Overfull \hbox (10.0748pt too wide) in paragraph at lines 387--388
 [][] 
 []


Package hyperref Warning: Token not allowed in a PDF string (PDFDocEncoding):
(hyperref)                removing `math shift' on input line 395.


Package hyperref Warning: Token not allowed in a PDF string (PDFDocEncoding):
(hyperref)                removing `superscript' on input line 395.


Package hyperref Warning: Token not allowed in a PDF string (PDFDocEncoding):
(hyperref)                removing `math shift' on input line 395.


Package hyperref Warning: Token not allowed in a PDF string (PDFDocEncoding):
(hyperref)                removing `math shift' on input line 395.


Package hyperref Warning: Token not allowed in a PDF string (PDFDocEncoding):
(hyperref)                removing `superscript' on input line 395.


Package hyperref Warning: Token not allowed in a PDF string (PDFDocEncoding):
(hyperref)                removing `math shift' on input line 395.

[9 <../plots/cross_sections/139CE.pdf> <../plots/cross_sections/132CS.pdf

pdfTeX warning: pdflatex (file ../plots/cross_sections/132CS.pdf): PDF inclusio
n: multiple pdfs with page group included in a single page
>]

LaTeX Warning: A float is stuck (cannot be placed) on input line 398.


LaTeX Warning: A float is stuck (cannot be placed) on input line 398.


Class revtex4-1 Warning: Deferred float stuck during \clearpage processing.

<../plots/cross_sections/135LA.pdf, id=1053, 462.52798pt x 346.89601pt>
File: ../plots/cross_sections/135LA.pdf Graphic file (type pdf)
<use ../plots/cross_sections/135LA.pdf>
Package pdftex.def Info: ../plots/cross_sections/135LA.pdf  used on input line 
400.
(pdftex.def)             Requested size: 256.0748pt x 192.06375pt.

Overfull \hbox (10.0748pt too wide) in paragraph at lines 400--401
 [][] 
 []


Package hyperref Warning: Token not allowed in a PDF string (PDFDocEncoding):
(hyperref)                removing `math shift' on input line 408.


Package hyperref Warning: Token not allowed in a PDF string (PDFDocEncoding):
(hyperref)                removing `superscript' on input line 408.


Package hyperref Warning: Token not allowed in a PDF string (PDFDocEncoding):
(hyperref)                removing `math shift' on input line 408.


Package hyperref Warning: Token not allowed in a PDF string (PDFDocEncoding):
(hyperref)                removing `math shift' on input line 408.


Package hyperref Warning: Token not allowed in a PDF string (PDFDocEncoding):
(hyperref)                removing `superscript' on input line 408.


Package hyperref Warning: Token not allowed in a PDF string (PDFDocEncoding):
(hyperref)                removing `math shift' on input line 408.

<../plots/cross_sections/61CU.pdf, id=1057, 462.52798pt x 346.89601pt>
File: ../plots/cross_sections/61CU.pdf Graphic file (type pdf)
<use ../plots/cross_sections/61CU.pdf>
Package pdftex.def Info: ../plots/cross_sections/61CU.pdf  used on input line 4
13.
(pdftex.def)             Requested size: 256.0748pt x 192.06375pt.

Overfull \hbox (10.0748pt too wide) in paragraph at lines 413--414
 [][] 
 []

[10 <../plots/cross_sections/133BAg.pdf> <../plots/cross_sections/133BAm.pdf

pdfTeX warning: pdflatex (file ../plots/cross_sections/133BAm.pdf): PDF inclusi
on: multiple pdfs with page group included in a single page
> <../plots/cross_sections/135LA.pdf

pdfTeX warning: pdflatex (file ../plots/cross_sections/135LA.pdf): PDF inclusio
n: multiple pdfs with page group included in a single page
>]

LaTeX Warning: A float is stuck (cannot be placed) on input line 424.


LaTeX Warning: A float is stuck (cannot be placed) on input line 424.


Class revtex4-1 Warning: Deferred float stuck during \clearpage processing.

(./writeup.bbl
Missing character: There is no √ in font cmr9!
Missing character: There is no ° in font cmr9!
Missing character: There is no √ in font cmr9!
Missing character: There is no ° in font cmr9!
Missing character: There is no √ in font cmr9!
Missing character: There is no ≥ in font cmr9!
Missing character: There is no √ in font cmr9!
Missing character: There is no ° in font cmr9!
Missing character: There is no ƒ in font cmr9!
Missing character: There is no ç in font cmr9!
Missing character: There is no ≈ in font cmr9!
Missing character: There is no ç in font cmr9!
Missing character: There is no √ in font cmr9!
Missing character: There is no ° in font cmr9!
Missing character: There is no √ in font cmr9!
Missing character: There is no ° in font cmr9!
Missing character: There is no √ in font cmr9!
Missing character: There is no ° in font cmr9!

Underfull \hbox (badness 1019) in paragraph at lines 134--139
 \OT1/cmr/m/n/9 A. Blokhin, M. Aikawa, S. Babyk-ina, M. Bossant,
 []

Missing character: There is no ≈ in font cmr9!
Missing character: There is no æ in font cmr9!
Missing character: There is no √ in font cmr9!
Missing character: There is no Ω in font cmr9!
[11 <../plots/cross_sections/61CU.pdf>]) (../data/cross_sections/la139_XS.tex
[12])

Package hyperref Warning: Token not allowed in a PDF string (PDFDocEncoding):
(hyperref)                removing `\begingroup' on input line 434.


Package hyperref Warning: Token not allowed in a PDF string (PDFDocEncoding):
(hyperref)                removing `\<let>-command' on input line 434.


Package hyperref Warning: Token not allowed in a PDF string (PDFDocEncoding):
(hyperref)                removing `\NAT@ctype' on input line 434.


Package hyperref Warning: Token not allowed in a PDF string (PDFDocEncoding):
(hyperref)                removing `\z@' on input line 434.


Package hyperref Warning: Token not allowed in a PDF string (PDFDocEncoding):
(hyperref)                removing `\let' on input line 434.


Package hyperref Warning: Token not allowed in a PDF string (PDFDocEncoding):
(hyperref)                removing `\let' on input line 434.


Package hyperref Warning: Token not allowed in a PDF string (PDFDocEncoding):
(hyperref)                removing `\new@ifnextchar' on input line 434.

[13]
Package atveryend Info: Empty hook `AfterLastShipout' on input line 462.
 (./writeup.aux)
Package atveryend Info: Executing hook `AtVeryEndDocument' on input line 462.
Package atveryend Info: Executing hook `AtEndAfterFileList' on input line 462.
Package rerunfilecheck Info: File `writeup.out' has not changed.
(rerunfilecheck)             Checksum: 1C93F28D8734EFC6D5784E68A4A674BA;2104.


LaTeX Warning: There were multiply-defined labels.

 ) 
Here is how much of TeX's memory you used:
 8461 strings out of 492982
 120452 string characters out of 6134896
 351532 words of memory out of 5000000
 11802 multiletter control sequences out of 15000+600000
 18667 words of font info for 69 fonts, out of 8000000 for 9000
 1141 hyphenation exceptions out of 8191
 34i,9n,32p,907b,538s stack positions out of 5000i,500n,10000p,200000b,80000s
</usr/share/texlive/texmf-dist/fonts/type1/public/amsfonts/cm/cmbx12.pfb></us
r/share/texlive/texmf-dist/fonts/type1/public/amsfonts/cm/cmbx9.pfb></usr/share
/texlive/texmf-dist/fonts/type1/public/amsfonts/cm/cmex10.pfb></usr/share/texli
ve/texmf-dist/fonts/type1/public/amsfonts/cm/cmmi10.pfb></usr/share/texlive/tex
mf-dist/fonts/type1/public/amsfonts/cm/cmmi5.pfb></usr/share/texlive/texmf-dist
/fonts/type1/public/amsfonts/cm/cmmi6.pfb></usr/share/texlive/texmf-dist/fonts/
type1/public/amsfonts/cm/cmmi7.pfb></usr/share/texlive/texmf-dist/fonts/type1/p
ublic/amsfonts/cm/cmmi8.pfb></usr/share/texlive/texmf-dist/fonts/type1/public/a
msfonts/cm/cmmi9.pfb></usr/share/texlive/texmf-dist/fonts/type1/public/amsfonts
/cm/cmr10.pfb></usr/share/texlive/texmf-dist/fonts/type1/public/amsfonts/cm/cmr
6.pfb></usr/share/texlive/texmf-dist/fonts/type1/public/amsfonts/cm/cmr7.pfb></
usr/share/texlive/texmf-dist/fonts/type1/public/amsfonts/cm/cmr9.pfb></usr/shar
e/texlive/texmf-dist/fonts/type1/public/amsfonts/cm/cmsy10.pfb></usr/share/texl
ive/texmf-dist/fonts/type1/public/amsfonts/cm/cmsy7.pfb></usr/share/texlive/tex
mf-dist/fonts/type1/public/amsfonts/cm/cmti10.pfb></usr/share/texlive/texmf-dis
t/fonts/type1/public/amsfonts/cm/cmti9.pfb>
Output written on writeup.pdf (13 pages, 4637977 bytes).
PDF statistics:
 1469 PDF objects out of 1728 (max. 8388607)
 515 compressed objects within 6 object streams
 90 named destinations out of 1000 (max. 500000)
 328 words of extra memory for PDF output out of 10000 (max. 10000000)

